<?xml version='1.0' encoding='UTF-8'?>
<testsuite hostname="LAPTOP-7L6J60ES" name="LEA256Spec" tests="5" errors="0" failures="0" skipped="0" time="0.02" timestamp="2022-12-26T15:27:58">
          <properties>
[...]
</properties>
          <testcase classname="LEA256Spec" name="rotl should 8 tests" time="0.016">
                      
                    </testcase><testcase classname="LEA256Spec" name="rotr should 8 tests" time="0.0">
                      
                    </testcase><testcase classname="LEA256Spec" name="generateRoundKeys should 1 test" time="0.003">
                      
                    </testcase><testcase classname="LEA256Spec" name="encrypt should 1 test" time="0.001">
                      
                    </testcase><testcase classname="LEA256Spec" name="decrypt should 1 test" time="0.0">
                      
                    </testcase>
          <system-out><![CDATA[]]></system-out>
          <system-err><![CDATA[]]></system-err>
        </testsuite>