<?xml version='1.0' encoding='UTF-8'?>
<testsuite hostname="ruby" name="ArithSpec" tests="5" errors="0" failures="0" skipped="0" time="0.022" timestamp="2022-12-16T04:16:34">
          <properties>
[...]
</properties>
          <testcase classname="ArithSpec" name="xor should 128 tests" time="0.018">
                      
                    </testcase><testcase classname="ArithSpec" name="rotl should 128 tests" time="0.002">
                      
                    </testcase><testcase classname="ArithSpec" name="rotr should 128 tests" time="0.0">
                      
                    </testcase><testcase classname="ArithSpec" name="usadd should 128 tests" time="0.001">
                      
                    </testcase><testcase classname="ArithSpec" name="ussubb should 128 tests" time="0.001">
                      
                    </testcase>
          <system-out><![CDATA[]]></system-out>
          <system-err><![CDATA[]]></system-err>
        </testsuite>